0 info it worked if it ends with ok
1 verbose cli [ '/usr/bin/node', '/usr/bin/npm', 'start' ]
2 info using npm@1.4.21
3 info using node@v0.10.30
4 verbose node symlink /usr/bin/node
5 verbose run-script [ 'prestart', 'start', 'poststart' ]
6 info prestart express_demo@0.0.0
7 info start express_demo@0.0.0
8 verbose unsafe-perm in lifecycle true
9 info express_demo@0.0.0 Failed to exec start script
10 error express_demo@0.0.0 start: `node ./bin/www`
10 error Exit status 8
11 error Failed at the express_demo@0.0.0 start script.
11 error This is most likely a problem with the express_demo package,
11 error not with npm itself.
11 error Tell the author that this fails on your system:
11 error     node ./bin/www
11 error You can get their info via:
11 error     npm owner ls express_demo
11 error There is likely additional logging output above.
12 error System Linux 3.2.0-60-generic
13 error command "/usr/bin/node" "/usr/bin/npm" "start"
14 error cwd /media/work/projects/node_project/express_demo
15 error node -v v0.10.30
16 error npm -v 1.4.21
17 error code ELIFECYCLE
18 verbose exit [ 1, true ]
